2022-06-06 19:30:05,725 Survey with name kjhjkhh created successfully.
2022-06-06 19:51:38,209 Could not send email to ananta.lamichhane@hotmail.com
Try manually using this URL: http://localhost:3000/survey?token=cux88turu5gcqbgm
2022-06-06 19:51:38,926 Could not send email to therh1992@gmail.com
Try manually using this URL: http://localhost:3000/survey?token=9l3ozkzch1kzm1tv
2022-06-06 19:51:39,643 Could not send email to therh1992@hotmail.com
Try manually using this URL: http://localhost:3000/survey?token=ic0hgdvuoig9y7hr
2022-06-06 19:51:40,360 Could not send email to abc.def@hotmail.com
Try manually using this URL: http://localhost:3000/survey?token=ywslwro3mrtjet88
2022-06-06 19:55:39,149 Successfully sent email to ananta.lamichhane@hotmail.com
2022-06-06 19:56:27,071 Successfully sent email to ananta.lamichhane@hotmail.com
2022-06-06 19:56:28,781 Successfully sent email to therh1992@gmail.com
2022-06-06 19:56:30,553 Successfully sent email to therh1992@hotmail.com
2022-06-06 19:56:32,089 Successfully sent email to abc.def@hotmail.com
2022-06-06 19:59:34,707 Starting new HTTP connection (1): www.omdbapi.com:80
2022-06-06 19:59:35,074 http://www.omdbapi.com:80 "GET /?i=tt0102926&page=1&plot=short&apikey=afb2e202 HTTP/1.1" 200 None
2022-06-06 19:59:37,942 http://www.omdbapi.com:80 "GET /?i=tt0107290&page=1&plot=short&apikey=afb2e202 HTTP/1.1" 200 None
2022-06-06 19:59:40,502 http://www.omdbapi.com:80 "GET /?i=tt0110912&page=1&plot=short&apikey=afb2e202 HTTP/1.1" 200 None
2022-06-06 19:59:42,447 http://www.omdbapi.com:80 "GET /?i=tt0112573&page=1&plot=short&apikey=afb2e202 HTTP/1.1" 200 None
2022-06-06 19:59:44,597 http://www.omdbapi.com:80 "GET /?i=tt0111161&page=1&plot=short&apikey=afb2e202 HTTP/1.1" 200 None
2022-06-06 19:59:47,260 http://www.omdbapi.com:80 "GET /?i=tt0133093&page=1&plot=short&apikey=afb2e202 HTTP/1.1" 200 None
2022-06-06 19:59:49,411 http://www.omdbapi.com:80 "GET /?i=tt0076759&page=1&plot=short&apikey=afb2e202 HTTP/1.1" 200 None
2022-06-06 19:59:52,892 http://www.omdbapi.com:80 "GET /?i=tt0103064&page=1&plot=short&apikey=afb2e202 HTTP/1.1" 200 None
2022-06-06 19:59:55,251 http://www.omdbapi.com:80 "GET /?i=tt0108052&page=1&plot=short&apikey=afb2e202 HTTP/1.1" 200 None
2022-06-06 19:59:55,656 http://www.omdbapi.com:80 "GET /?i=tt0186151&page=1&plot=short&apikey=afb2e202 HTTP/1.1" 200 None
2022-06-06 19:59:55,861 http://www.omdbapi.com:80 "GET /?i=tt0114709&page=1&plot=short&apikey=afb2e202 HTTP/1.1" 200 None
2022-06-06 19:59:56,066 http://www.omdbapi.com:80 "GET /?i=tt0207201&page=1&plot=short&apikey=afb2e202 HTTP/1.1" 200 None
2022-06-06 19:59:56,373 http://www.omdbapi.com:80 "GET /?i=tt0094137&page=1&plot=short&apikey=afb2e202 HTTP/1.1" 200 None
2022-06-06 19:59:56,745 http://www.omdbapi.com:80 "GET /?i=tt0105839&page=1&plot=short&apikey=afb2e202 HTTP/1.1" 200 None
2022-06-06 19:59:56,920 http://www.omdbapi.com:80 "GET /?i=tt0110066&page=1&plot=short&apikey=afb2e202 HTTP/1.1" 200 None
2022-06-06 19:59:57,192 http://www.omdbapi.com:80 "GET /?i=tt0091991&page=1&plot=short&apikey=afb2e202 HTTP/1.1" 200 None
2022-06-06 19:59:57,397 http://www.omdbapi.com:80 "GET /?i=tt2332579&page=1&plot=short&apikey=afb2e202 HTTP/1.1" 200 None
2022-06-06 19:59:57,602 http://www.omdbapi.com:80 "GET /?i=tt0054847&page=1&plot=short&apikey=afb2e202 HTTP/1.1" 200 None
2022-06-06 19:59:57,807 http://www.omdbapi.com:80 "GET /?i=tt0107225&page=1&plot=short&apikey=afb2e202 HTTP/1.1" 200 None
2022-06-06 19:59:57,910 http://www.omdbapi.com:80 "GET /?i=tt0186151&page=1&plot=short&apikey=afb2e202 HTTP/1.1" 200 None
2022-06-06 19:59:57,977 http://www.omdbapi.com:80 "GET /?i=tt0114709&page=1&plot=short&apikey=afb2e202 HTTP/1.1" 200 None
2022-06-06 19:59:58,040 http://www.omdbapi.com:80 "GET /?i=tt0207201&page=1&plot=short&apikey=afb2e202 HTTP/1.1" 200 None
2022-06-06 19:59:58,114 http://www.omdbapi.com:80 "GET /?i=tt0094137&page=1&plot=short&apikey=afb2e202 HTTP/1.1" 200 None
2022-06-06 19:59:58,216 http://www.omdbapi.com:80 "GET /?i=tt0105839&page=1&plot=short&apikey=afb2e202 HTTP/1.1" 200 None
2022-06-06 19:59:58,319 http://www.omdbapi.com:80 "GET /?i=tt0110066&page=1&plot=short&apikey=afb2e202 HTTP/1.1" 200 None
2022-06-06 19:59:58,421 http://www.omdbapi.com:80 "GET /?i=tt0091991&page=1&plot=short&apikey=afb2e202 HTTP/1.1" 200 None
2022-06-06 19:59:58,523 http://www.omdbapi.com:80 "GET /?i=tt2332579&page=1&plot=short&apikey=afb2e202 HTTP/1.1" 200 None
2022-06-06 19:59:58,626 http://www.omdbapi.com:80 "GET /?i=tt0054847&page=1&plot=short&apikey=afb2e202 HTTP/1.1" 200 None
2022-06-06 19:59:58,728 http://www.omdbapi.com:80 "GET /?i=tt0107225&page=1&plot=short&apikey=afb2e202 HTTP/1.1" 200 None
2022-06-06 20:01:52,447 Successfully sent email to ananta.lamichhane@hotmail.com
2022-06-06 20:01:53,620 Successfully sent email to therh1992@gmail.com
2022-06-06 20:01:54,978 Successfully sent email to therh1992@hotmail.com
2022-06-06 20:01:56,522 Successfully sent email to abc.def@hotmail.com
